make all --print-data-base --no-builtin-variables --no-builtin-rules --question
# GNU Make 4.3
# Built for x86_64-redhat-linux-gnu
# Copyright (C) 1988-2020 Free Software Foundation, Inc.
# License GPLv3+: GNU GPL version 3 or later <http://gnu.org/licenses/gpl.html>
# This is free software: you are free to change and redistribute it.
# There is NO WARRANTY, to the extent permitted by law.

# Make data base, printed on Sun Jul 24 09:06:21 2022

# Variables

# makefile (from 'makefile', line 45)
INSTALL_PROGRAM = $(INSTALL)
# environment
GDK_BACKEND = x11
# environment
LC_ALL = C
# environment
NO_AT_BRIDGE = 1
# makefile (from 'makefile', line 12)
COMPILE_FLAGS = -std=c11 -Wall -Wextra -g
# makefile (from 'makefile', line 50)
CMD_PREFIX := @
# makefile (from 'makefile', line 10)
SRC_PATH = .
# makefile (from 'makefile', line 84)
END_TIME = read st < $(TIME_FILE) ; $(RM) $(TIME_FILE) ; st=$$((`date '+%s'` - $$st - 86400)) ; echo `date -u -d @$$st '+%H:%M:%S'`
# environment
GJS_DEBUG_OUTPUT = stderr
# makefile (from 'makefile', line 83)
START_TIME = date '+%s' > $(TIME_FILE)
# environment
VSCODE_CWD = /home/Nasio
# environment
GDM_LANG = en_GB.UTF-8
# default
MAKE_COMMAND := make
# environment
define BASH_FUNC_which%%
() {  ( alias;
 eval ${which_declare} ) | /usr/bin/which --tty-only --read-alias --read-functions --show-tilde --show-dot $@
}
endef
# automatic
@D = $(patsubst %/,%,$(dir $@))
# environment
VSCODE_HANDLES_UNCAUGHT_ERRORS = true
# default
.VARIABLES := 
# environment
PWD = /home/Nasio/Downloads/cooper-verner
# automatic
%D = $(patsubst %/,%,$(dir $%))
# environment
HOSTNAME = fedora
# environment
MAIL = /var/spool/mail/Nasio
# environment
XDG_DATA_DIRS = /home/Nasio/.local/share/flatpak/exports/share:/var/lib/flatpak/exports/share:/usr/local/share/:/usr/share/
# makefile (from 'makefile', line 49)
V := false
# automatic
^D = $(patsubst %/,%,$(dir $^))
# automatic
%F = $(notdir $%)
# environment
VSCODE_CODE_CACHE_PATH = /home/Nasio/.config/Code/CachedData/b06ae3b2d2dbfe28bca3134cc6be65935cdfea6a
# environment
LANG = C
# environment
XAUTHORITY = /run/user/1000/.mutter-Xwaylandauth.RWPIP1
# default
.LOADED := 
# default
.INCLUDE_DIRS = /usr/include /usr/local/include /usr/include
# makefile
MAKEFLAGS = pqrR
# makefile
CURDIR := /home/Nasio/Downloads/cooper-verner
# environment
APPLICATION_INSIGHTS_NO_DIAGNOSTIC_CHANNEL = 1
# environment
LESSOPEN = ||/usr/bin/lesspipe.sh %s
# automatic
*D = $(patsubst %/,%,$(dir $*))
# environment
MFLAGS = -pqrR
# environment
SSH_AUTH_SOCK = /run/user/1000/keyring/ssh
# default
.SHELLFLAGS := -c
# environment
WAYLAND_DISPLAY = wayland-0
# environment
HISTSIZE = 1000
# automatic
+D = $(patsubst %/,%,$(dir $+))
# makefile (from 'makefile', line 20)
LINK_FLAGS = -lm
# makefile (from 'makefile', line 14)
RCOMPILE_FLAGS = -D NDEBUG
# environment
XDG_SESSION_DESKTOP = gnome
# makefile (from 'makefile', line 1)
MAKEFILE_LIST := makefile
# automatic
@F = $(notdir $@)
# environment
VSCODE_PID = 2941
# environment
XDG_SESSION_TYPE = wayland
# automatic
?D = $(patsubst %/,%,$(dir $?))
# makefile (from 'makefile', line 26)
DESTDIR = /
# makefile (from 'makefile', line 44)
INSTALL = install
# makefile (from 'makefile', line 18)
INCLUDES = -I $(SRC_PATH)
# environment
SESSION_MANAGER = local/unix:@/tmp/.ICE-unix/1629,unix/unix:/tmp/.ICE-unix/1629
# automatic
*F = $(notdir $*)
# environment
CHROME_DESKTOP = code-url-handler.desktop
# environment
DBUS_SESSION_BUS_ADDRESS = unix:path=/run/user/1000/bus
# automatic
<D = $(patsubst %/,%,$(dir $<))
# environment
VSCODE_NLS_CONFIG = {"locale":"en-gb","availableLanguages":{},"_languagePackSupport":true}
# default
MAKE_HOST := x86_64-redhat-linux-gnu
# makefile (from 'makefile', line 41)
SHELL = /bin/bash
# default
MAKECMDGOALS := all
# environment
XMODIFIERS = @im=ibus
# environment
GJS_DEBUG_TOPICS = JS ERROR;JS LOG
# environment
SHLVL = 0
# environment
MAKELEVEL := 0
# default
MAKE = $(MAKE_COMMAND)
# environment
PATH = /home/Nasio/.local/bin:/home/Nasio/bin:/usr/local/bin:/usr/local/sbin:/usr/bin:/usr/sbin
# default
MAKEFILES := 
# automatic
^F = $(notdir $^)
# environment
INVOCATION_ID = f2860f89367d4807bfd99b084cc112fb
# environment
USERNAME = Nasio
# environment
GNOME_SETUP_DISPLAY = :1
# automatic
?F = $(notdir $?)
# environment
XDG_CURRENT_DESKTOP = GNOME
# makefile (from 'makefile', line 33)
UNAME_S := Linux
# makefile (from 'makefile', line 16)
DCOMPILE_FLAGS = -D DEBUG
# makefile (from 'makefile', line 82)
TIME_FILE = $(dir $@).$(notdir $@)_time
# automatic
+F = $(notdir $+)
# environment
DESKTOP_SESSION = gnome
# environment
ORIGINAL_XDG_CURRENT_DESKTOP = GNOME
# makefile (from 'makefile', line 8)
SRC_EXT = c
# makefile (from 'makefile', line 77)
OBJECTS = $(SOURCES:$(SRC_PATH)/%.$(SRC_EXT)=$(BUILD_PATH)/%.o)
# 'override' directive
GNUMAKEFLAGS := 
# makefile (from 'makefile', line 4)
BIN_NAME := verner
# environment
LOGNAME = Nasio
# environment
GIO_LAUNCHED_DESKTOP_FILE = /usr/share/applications/code.desktop
# makefile
.DEFAULT_GOAL := release
# environment
SYSTEMD_EXEC_PID = 1692
# environment
HISTCONTROL = ignoredups
# environment
EDITOR = /usr/bin/nano
# environment
DISPLAY = :0
# environment
USER = Nasio
# default
MAKE_VERSION := 4.3
# 'override' directive
.SHELLSTATUS := 0
# environment
MANAGERPID = 1507
# environment
which_declare = declare -f
# environment
DEBUGINFOD_URLS = https://debuginfod.fedoraproject.org/ 
# environment
GIO_LAUNCHED_DESKTOP_FILE_PID = 2941
# environment
_ = /usr/bin/make
# makefile (from 'makefile', line 24)
DLINK_FLAGS = 
# environment
XDG_RUNTIME_DIR = /run/user/1000
# makefile (from 'makefile', line 28)
INSTALL_PREFIX = usr/local
# environment
JOURNAL_STREAM = 8:27515
# environment
XDG_SESSION_CLASS = user
# environment
VSCODE_AMD_ENTRYPOINT = vs/workbench/api/node/extensionHostProcess
# environment
HOME = /home/Nasio
# environment
QT_IM_MODULE = ibus
# makefile (from 'makefile', line 22)
RLINK_FLAGS = 
# makefile (from 'makefile', line 46)
INSTALL_DATA = $(INSTALL) -m 644
# environment
ELECTRON_RUN_AS_NODE = 1
# environment
VSCODE_IPC_HOOK = /run/user/1000/vscode-7d97733f-1.69.1-main.sock
# default
.RECIPEPREFIX := 
# automatic
<F = $(notdir $<)
# makefile (from 'makefile', line 79)
DEPS = $(OBJECTS:.o=.d)
# default
SUFFIXES := 
# default
.FEATURES := target-specific order-only second-expansion else-if shortest-stem undefine oneshell nocomment grouped-target extra-prereqs archives jobserver output-sync check-symlink guile load
# makefile (from 'makefile', line 6)
CC = gcc
# makefile (from 'makefile', line 66)
SOURCES = $(shell find $(SRC_PATH) -name '*.$(SRC_EXT)' -printf '%T@\t%p\n' | sort -k 1nr | cut -f2-)
# environment
XDG_MENU_PREFIX = gnome-
# environment
GDMSESSION = gnome
# makefile (from 'makefile', line 70)
rwildcard = $(foreach d, $(wildcard $1*), $(call rwildcard,$d/,$2) $(filter $(subst *,%,$2), $d))
# variable set hash-table stats:
# Load=121/1024=12%, Rehash=0, Collisions=18/228=8%

# Pattern-specific Variable Values

# No pattern-specific variable values.

# Directories

# . (device 40, inode 153226): 18 files, no impossibilities.

# 18 files, no impossibilities in 1 directories.

# Implicit Rules

print-%:
#  recipe to execute (from 'makefile', line 38):
	 @echo $*=$($*)

/%.o: %.c
#  recipe to execute (from 'makefile', line 155):
	@echo "Compiling: $< -> $@"
	@$(START_TIME)
	$(CMD_PREFIX)$(CC) $(CFLAGS) $(INCLUDES) -MP -MMD -c $< -o $@
	@echo -en "\t Compile time: "
 
	@$(END_TIME)

# 2 implicit rules, 0 (0.0%) terminal.
# Files

# Not a target:
/timestamp.d:
#  Implicit rule search has been done.
#  File does not exist.
#  File has been updated.
#  Failed to be updated.

# Not a target:
/main.d:
#  Implicit rule search has been done.
#  File does not exist.
#  File has been updated.
#  Failed to be updated.

# Not a target:
/tests.o:
#  Implicit rule search has not been done.
#  Modification time never checked.
#  File has not been updated.

# makefile (from 'makefile', line 61)
debug: BUILD_PATH := build/debug
# makefile (from 'makefile', line 55)
debug: CFLAGS :=  -std=c11 -Wall -Wextra -g -D DEBUG
# makefile (from 'makefile', line 62)
debug: BIN_PATH := bin/debug
# makefile (from 'makefile', line 56)
debug: LDFLAGS :=  -lm 
debug: dirs
#  Phony target (prerequisite of .PHONY).
#  Implicit rule search has not been done.
#  File does not exist.
#  File has not been updated.
# variable set hash-table stats:
# Load=4/32=12%, Rehash=0, Collisions=0/11=0%
#  recipe to execute (from 'makefile', line 101):
	@echo "Beginning debug build"
	@$(START_TIME)
	@$(MAKE) all --no-print-directory
	@echo -n "Total build time: "
	@$(END_TIME)

dirs:
#  Phony target (prerequisite of .PHONY).
#  Implicit rule search has not been done.
#  File does not exist.
#  File has not been updated.
#  recipe to execute (from 'makefile', line 110):
	@echo "Creating directories"
	@mkdir -p $(dir $(OBJECTS))
	@mkdir -p $(BIN_PATH)

# Not a target:
/timestamp.o:
#  Implicit rule search has not been done.
#  Modification time never checked.
#  File has not been updated.

uninstall:
#  Phony target (prerequisite of .PHONY).
#  Implicit rule search has not been done.
#  File does not exist.
#  File has not been updated.
#  recipe to execute (from 'makefile', line 123):
	@echo "Removing $(DESTDIR)$(INSTALL_PREFIX)/bin/$(BIN_NAME)"
	@$(RM) $(DESTDIR)$(INSTALL_PREFIX)/bin/$(BIN_NAME)

clean:
#  Phony target (prerequisite of .PHONY).
#  Implicit rule search has not been done.
#  File does not exist.
#  File has not been updated.
#  recipe to execute (from 'makefile', line 129):
	@echo "Deleting $(BIN_NAME) symlink"
	@$(RM) $(BIN_NAME)
	@echo "Deleting directories"
	@$(RM) -r build
	@$(RM) -r bin

# Not a target:
/verner.d:
#  Implicit rule search has been done.
#  File does not exist.
#  File has been updated.
#  Failed to be updated.

# Not a target:
.DEFAULT:
#  Implicit rule search has not been done.
#  Modification time never checked.
#  File has not been updated.

# Not a target:
/tests.d:
#  Implicit rule search has been done.
#  File does not exist.
#  File has been updated.
#  Failed to be updated.

all: /verner
#  Command line target.
#  Implicit rule search has not been done.
#  File does not exist.
#  File has been updated.
#  Needs to be updated (-q is set).
# variable set hash-table stats:
# Load=0/32=0%, Rehash=0, Collisions=0/14=0%
#  recipe to execute (from 'makefile', line 137):
	@echo "Making symlink: $(BIN_NAME) -> $<"
	@$(RM) $(BIN_NAME)
	@ln -s $(BIN_PATH)/$(BIN_NAME) $(BIN_NAME)

# Not a target:
main.c:
#  Implicit rule search has been done.
#  Last modified 2022-07-22 22:20:13.214363254
#  File has been updated.
#  Successfully updated.

/main.o: main.c
#  Implicit rule search has been done.
#  Implicit/static pattern stem: 'main'
#  File does not exist.
#  File has been updated.
#  Needs to be updated (-q is set).
# automatic
# @ := /main.o
# automatic
# * := main
# automatic
# < := main.c
# automatic
# + := main.c
# automatic
# % := 
# automatic
# ^ := main.c
# automatic
# ? := main.c
# automatic
# | := 
# variable set hash-table stats:
# Load=8/32=25%, Rehash=0, Collisions=10/32=31%
#  recipe to execute (from 'makefile', line 155):
	@echo "Compiling: $< -> $@"
	@$(START_TIME)
	$(CMD_PREFIX)$(CC) $(CFLAGS) $(INCLUDES) -MP -MMD -c $< -o $@
	@echo -en "\t Compile time: "
	@$(END_TIME)

# Not a target:
/verner.o:
#  Implicit rule search has not been done.
#  Modification time never checked.
#  File has not been updated.

/verner: /main.o /verner.o /timestamp.o /tests.o
#  Implicit rule search has not been done.
#  File does not exist.
#  File has been updated.
#  Needs to be updated (-q is set).
# variable set hash-table stats:
# Load=0/32=0%, Rehash=0, Collisions=0/14=0%
#  recipe to execute (from 'makefile', line 143):
	@echo "Linking: $@"
	@$(START_TIME)
	$(CMD_PREFIX)$(CC) $(OBJECTS) $(LDFLAGS) -o $@
	@echo -en "\t Link time: "
	@$(END_TIME)

# Not a target:
makefile:
#  Implicit rule search has been done.
#  Last modified 2022-07-22 22:09:38.464026737
#  File has been updated.
#  Successfully updated.

# makefile (from 'makefile', line 63)
install: BIN_PATH := bin/release
install:
#  Phony target (prerequisite of .PHONY).
#  Implicit rule search has not been done.
#  File does not exist.
#  File has not been updated.
# variable set hash-table stats:
# Load=1/32=3%, Rehash=0, Collisions=0/2=0%
#  recipe to execute (from 'makefile', line 117):
	@echo "Installing to $(DESTDIR)$(INSTALL_PREFIX)/bin"
	@$(INSTALL_PROGRAM) $(BIN_PATH)/$(BIN_NAME) $(DESTDIR)$(INSTALL_PREFIX)/bin

# makefile (from 'makefile', line 59)
release: BUILD_PATH := build/release
# makefile (from 'makefile', line 53)
release: CFLAGS :=  -std=c11 -Wall -Wextra -g -D NDEBUG
# makefile (from 'makefile', line 60)
release: BIN_PATH := bin/release
# makefile (from 'makefile', line 54)
release: LDFLAGS :=  -lm 
release: dirs
#  Phony target (prerequisite of .PHONY).
#  Implicit rule search has not been done.
#  File does not exist.
#  File has not been updated.
# variable set hash-table stats:
# Load=4/32=12%, Rehash=0, Collisions=0/11=0%
#  recipe to execute (from 'makefile', line 92):
	@echo "Beginning release build"
	@$(START_TIME)
	@$(MAKE) all --no-print-directory
	@echo -n "Total build time: "
	@$(END_TIME)

.PHONY: release debug dirs install uninstall clean
#  Implicit rule search has not been done.
#  Modification time never checked.
#  File has not been updated.

# files hash-table stats:
# Load=21/1024=2%, Rehash=0, Collisions=0/73=0%
# VPATH Search Paths

# No 'vpath' search paths.

# No general ('VPATH' variable) search path.

# strcache buffers: 1 (0) / strings = 43 / storage = 362 B / avg = 8 B
# current buf: size = 8162 B / used = 362 B / count = 43 / avg = 8 B

# strcache performance: lookups = 94 / hit rate = 54%
# hash-table stats:
# Load=43/8192=1%, Rehash=0, Collisions=0/94=0%
# Finished Make data base on Sun Jul 24 09:06:21 2022

 
